0 info it worked if it ends with ok
1 verbose cli [ '/Users/nick-auxdrive/.nvm/versions/node/v6.3.1/bin/node',
1 verbose cli   '/Users/nick-auxdrive/.nvm/versions/node/v6.3.1/bin/npm',
1 verbose cli   'start' ]
2 info using npm@3.10.6
3 info using node@v6.3.1
4 verbose run-script [ 'prestart', 'start', 'poststart' ]
5 info lifecycle bpm-count@1.0.0~prestart: bpm-count@1.0.0
6 silly lifecycle bpm-count@1.0.0~prestart: no script for prestart, continuing
7 info lifecycle bpm-count@1.0.0~start: bpm-count@1.0.0
8 verbose lifecycle bpm-count@1.0.0~start: unsafe-perm in lifecycle true
9 verbose lifecycle bpm-count@1.0.0~start: PATH: /Users/nick-auxdrive/.nvm/versions/node/v6.3.1/lib/node_modules/npm/bin/node-gyp-bin:/Users/nick-auxdrive/Code/bpm-count/node_modules/.bin:/Users/nick-auxdrive/.nvm/versions/node/v6.3.1/bin:/usr/local/bin:/usr/bin:/bin:/usr/sbin:/sbin:/opt/X11/bin:/Users/nick-auxdrive/Library/Android/sdk/platform-tools:/Users/nick-auxdrive/Library/Android/sdk/tools:/Users/nick-auxdrive/.rvm/bin:/usr/local/mongodb/bin
10 verbose lifecycle bpm-count@1.0.0~start: CWD: /Users/nick-auxdrive/Code/bpm-count
11 silly lifecycle bpm-count@1.0.0~start: Args: [ '-c', 'build.sh && http-server' ]
12 info lifecycle bpm-count@1.0.0~start: Failed to exec start script
13 verbose stack Error: bpm-count@1.0.0 start: `build.sh && http-server`
13 verbose stack spawn ENOENT
13 verbose stack     at ChildProcess.<anonymous> (/Users/nick-auxdrive/.nvm/versions/node/v6.3.1/lib/node_modules/npm/lib/utils/spawn.js:33:16)
13 verbose stack     at emitTwo (events.js:106:13)
13 verbose stack     at ChildProcess.emit (events.js:191:7)
13 verbose stack     at maybeClose (internal/child_process.js:852:16)
13 verbose stack     at Process.ChildProcess._handle.onexit (internal/child_process.js:215:5)
14 verbose pkgid bpm-count@1.0.0
15 verbose cwd /Users/nick-auxdrive/Code/bpm-count
16 error Darwin 16.0.0
17 error argv "/Users/nick-auxdrive/.nvm/versions/node/v6.3.1/bin/node" "/Users/nick-auxdrive/.nvm/versions/node/v6.3.1/bin/npm" "start"
18 error node v6.3.1
19 error npm  v3.10.6
20 error file sh
21 error code ELIFECYCLE
22 error errno ENOENT
23 error syscall spawn
24 error bpm-count@1.0.0 start: `build.sh && http-server`
24 error spawn ENOENT
25 error Failed at the bpm-count@1.0.0 start script 'build.sh && http-server'.
25 error Make sure you have the latest version of node.js and npm installed.
25 error If you do, this is most likely a problem with the bpm-count package,
25 error not with npm itself.
25 error Tell the author that this fails on your system:
25 error     build.sh && http-server
25 error You can get information on how to open an issue for this project with:
25 error     npm bugs bpm-count
25 error Or if that isn't available, you can get their info via:
25 error     npm owner ls bpm-count
25 error There is likely additional logging output above.
26 verbose exit [ 1, true ]
